<?xml version="1.0" encoding="UTF-8"?>
<testsuite xmlns:xsi="http://www.w3.org/2001/XMLSchema-instance" xsi:noNamespaceSchemaLocation="https://maven.apache.org/surefire/maven-surefire-plugin/xsd/surefire-test-report-3.0.xsd" version="3.0" name="org.sytoss.service.BuildingServiceTest" time="0.794" tests="7" errors="0" skipped="0" failures="0">
  <properties>
[...]
</properties>
  <testcase name="shouldSuccessCallCabinAndMoveToCorrespondFloor" classname="org.sytoss.service.BuildingServiceTest" time="0.145">
    <system-out><![CDATA[2024-05-29T12:27:43.381+03:00  INFO 27312 --- [           main] t.c.s.AnnotationConfigContextLoaderUtils : Could not detect default configuration classes for test class [org.sytoss.service.BuildingServiceTest]: BuildingServiceTest does not declare any static, non-private, non-final, nested classes annotated with @Configuration.
2024-05-29T12:27:43.395+03:00  INFO 27312 --- [           main] .b.t.c.SpringBootTestContextBootstrapper : Found @SpringBootConfiguration org.sytoss.LiftApplication for test class org.sytoss.service.BuildingServiceTest
]]></system-out>
  </testcase>
  <testcase name="shouldRegisterBuilding" classname="org.sytoss.service.BuildingServiceTest" time="0.017"/>
  <testcase name="shouldGetBuildingById" classname="org.sytoss.service.BuildingServiceTest" time="0.005"/>
  <testcase name="shouldThrowEntityNotFoundExceptionWhenCabinNotFound" classname="org.sytoss.service.BuildingServiceTest" time="0.006"/>
  <testcase name="shouldThrowEntityNotFoundExceptionWhenBuildingNotFound" classname="org.sytoss.service.BuildingServiceTest" time="0.005"/>
  <testcase name="shouldGetAllBuildings" classname="org.sytoss.service.BuildingServiceTest" time="0.008"/>
  <testcase name="shouldRegisterLiftInBuildings" classname="org.sytoss.service.BuildingServiceTest" time="0.015"/>
</testsuite>